<?xml version="1.0" encoding="UTF-8"?>
<testng-results skipped="0" failed="0" ignored="0" total="1" passed="1">
  <reporter-output>
  </reporter-output>
  <suite name="Default suite" duration-ms="27681" started-at="2017-12-28T15:38:22Z" finished-at="2017-12-28T15:38:50Z">
    <groups>
    </groups>
    <test name="Default test" duration-ms="27681" started-at="2017-12-28T15:38:22Z" finished-at="2017-12-28T15:38:50Z">
      <class name="demo.Test3$Test2">
        <test-method status="PASS" signature="test()[pri:0, instance:demo.Test3$Test2@729b1e]" name="test" duration-ms="27619" started-at="2017-12-28T21:08:22Z" finished-at="2017-12-28T21:08:50Z">
          <reporter-output>
          </reporter-output>
        </test-method> <!-- test -->
      </class> <!-- demo.Test3$Test2 -->
    </test> <!-- Default test -->
  </suite> <!-- Default suite -->
</testng-results>
